Using pre-set license
Built from '2020.3/staging' branch; Version is '2020.3.5f1 (8095aa901b9b) revision 8426922'; Using compiler version '192528614'; Build Type 'Release'
OS: 'Windows 10 Home; OS build 19043.1165; Version 2009; 64bit' Language: 'en' Physical Memory: 16335 MB
BatchMode: 1, IsHumanControllingUs: 0, StartBugReporterOnCrash: 0, Is64bit: 1, IsPro: 0

 COMMAND LINE ARGUMENTS:
C:\Program Files\Unity\Hub\Editor\2020.3.5f1\Editor\Unity.exe
-adb2
-batchMode
-noUpm
-name
AssetImportWorker0
-projectPath
C:/Users/Ethan/Documents/0 Game Projects/Undergrowth
-logFile
Logs/AssetImportWorker0.log
-srvPort
58831
Successfully changed project path to: C:/Users/Ethan/Documents/0 Game Projects/Undergrowth
C:/Users/Ethan/Documents/0 Game Projects/Undergrowth
Using Asset Import Pipeline V2.
Refreshing native plugins compatible for Editor in 39.62 ms, found 0 plugins.
Preloading 0 native plugins for Editor in 0.00 ms.
Initialize engine version: 2020.3.5f1 (8095aa901b9b)
[Subsystems] Discovering subsystems at path C:/Program Files/Unity/Hub/Editor/2020.3.5f1/Editor/Data/Resources/UnitySubsystems
[Subsystems] Discovering subsystems at path C:/Users/Ethan/Documents/0 Game Projects/Undergrowth/Assets
GfxDevice: creating device client; threaded=0
Direct3D:
    Version:  Direct3D 11.0 [level 11.1]
    Renderer: NVIDIA GeForce GTX 1080 (ID=0x1b80)
    Vendor:   
    VRAM:     8079 MB
    Driver:   27.21.14.6192
Shader 'Universal Render Pipeline/Particles/Lit': fallback shader 'Universal Render Pipeline/Particles/SimpleLit' not found
Initialize mono
Mono path[0] = 'C:/Program Files/Unity/Hub/Editor/2020.3.5f1/Editor/Data/Managed'
Mono path[1] = 'C:/Program Files/Unity/Hub/Editor/2020.3.5f1/Editor/Data/MonoBleedingEdge/lib/mono/unityjit'
Mono config path = 'C:/Program Files/Unity/Hub/Editor/2020.3.5f1/Editor/Data/MonoBleedingEdge/etc'
Using monoOptions --debugger-agent=transport=dt_socket,embedding=1,server=y,suspend=n,address=127.0.0.1:56416
Begin MonoManager ReloadAssembly
Registering precompiled unity dll's ...
Register platform support module: C:/Program Files/Unity/Hub/Editor/2020.3.5f1/Editor/Data/PlaybackEngines/MacStandaloneSupport/UnityEditor.OSXStandalone.Extensions.dll
Register platform support module: C:/Program Files/Unity/Hub/Editor/2020.3.5f1/Editor/Data/PlaybackEngines/WindowsStandaloneSupport/UnityEditor.WindowsStandalone.Extensions.dll
Register platform support module: C:/Program Files/Unity/Hub/Editor/2020.3.5f1/Editor/Data/PlaybackEngines/LinuxStandaloneSupport/UnityEditor.LinuxStandalone.Extensions.dll
Registered in 0.002783 seconds.
Native extension for LinuxStandalone target not found
Native extension for WindowsStandalone target not found
Native extension for OSXStandalone target not found
Refreshing native plugins compatible for Editor in 46.08 ms, found 0 plugins.
Preloading 0 native plugins for Editor in 0.00 ms.
Mono: successfully reloaded assembly
- Completed reload, in  1.209 seconds
Platform modules already initialized, skipping
Registering precompiled user dll's ...
Registered in 0.001407 seconds.
Begin MonoManager ReloadAssembly
Native extension for LinuxStandalone target not found
Native extension for WindowsStandalone target not found
Native extension for OSXStandalone target not found
Refreshing native plugins compatible for Editor in 43.80 ms, found 0 plugins.
Preloading 0 native plugins for Editor in 0.00 ms.
Mono: successfully reloaded assembly
- Completed reload, in  1.025 seconds
Platform modules already initialized, skipping
========================================================================
Worker process is ready to serve import requests
Shader 'Universal Render Pipeline/Particles/Lit': fallback shader 'Universal Render Pipeline/Particles/SimpleLit' not found
Launched and connected shader compiler UnityShaderCompiler.exe after 0.05 seconds
Refreshing native plugins compatible for Editor in 0.48 ms, found 0 plugins.
Preloading 0 native plugins for Editor in 0.00 ms.
Unloading 2426 Unused Serialized files (Serialized files now loaded: 0)
System memory in use before: 116.0 MB.
System memory in use after: 116.1 MB.

Unloading 11 unused Assets to reduce memory usage. Loaded Objects now: 2870.
Total: 2.510900 ms (FindLiveObjects: 0.237300 ms CreateObjectMapping: 0.098000 ms MarkObjects: 2.074600 ms  DeleteObjects: 0.100000 ms)

========================================================================
Received Import Request.
  path: Assets/Shaders/Cel Shader/Cel Shader.shadergraph
  artifactKey: Guid(0fae633a518641e48974c20310551cfb) Importer(815301076,1909f56bfc062723c751e8b465ee728b)
Start importing Assets/Shaders/Cel Shader/Cel Shader.shadergraph using Guid(0fae633a518641e48974c20310551cfb) Importer(815301076,1909f56bfc062723c751e8b465ee728b)  -> (artifact id: '0475091281a5054fdb8a7a4dba438efb') in 0.042960 seconds
  Import took 0.047201 seconds .

========================================================================
Received Import Request.
  Time since last request: 107.663922 seconds.
  path: Assets/Shaders/Lit Toon/Includes/GetLighting.hlsl
  artifactKey: Guid(eac47406bba08784a931031a9d4a4b1c) Importer(815301076,1909f56bfc062723c751e8b465ee728b)
Start importing Assets/Shaders/Lit Toon/Includes/GetLighting.hlsl using Guid(eac47406bba08784a931031a9d4a4b1c) Importer(815301076,1909f56bfc062723c751e8b465ee728b)  -> (artifact id: 'd598a6456e73e4f9ce388e5595876971') in 0.021255 seconds
  Import took 0.026151 seconds .

========================================================================
Received Import Request.
  Time since last request: 9.799000 seconds.
  path: Assets/Shaders/Cel Shader/Includes
  artifactKey: Guid(c46bfffde7685aa45b0aa70a72957c93) Importer(815301076,1909f56bfc062723c751e8b465ee728b)
Start importing Assets/Shaders/Cel Shader/Includes using Guid(c46bfffde7685aa45b0aa70a72957c93) Importer(815301076,1909f56bfc062723c751e8b465ee728b)  -> (artifact id: '0275411e89cb849348120584f3791cbf') in 0.006595 seconds
  Import took 0.011060 seconds .

========================================================================
Received Import Request.
  Time since last request: 5.287405 seconds.
  path: Assets/Shaders/Cel Shader/Subgraphs
  artifactKey: Guid(825a908cebeaa7d4982a526cefdb17e4) Importer(815301076,1909f56bfc062723c751e8b465ee728b)
Start importing Assets/Shaders/Cel Shader/Subgraphs using Guid(825a908cebeaa7d4982a526cefdb17e4) Importer(815301076,1909f56bfc062723c751e8b465ee728b)  -> (artifact id: 'cb22a67654a782a140af0974aa5c82f8') in 0.007699 seconds
  Import took 0.012380 seconds .

========================================================================
Received Import Request.
  Time since last request: 12.582448 seconds.
  path: Assets/Shaders/Lit Toon/Includes/GetLighting 1.hlsl
  artifactKey: Guid(c374bea1f689621408bb4c51bd3f04e7) Importer(815301076,1909f56bfc062723c751e8b465ee728b)
Start importing Assets/Shaders/Lit Toon/Includes/GetLighting 1.hlsl using Guid(c374bea1f689621408bb4c51bd3f04e7) Importer(815301076,1909f56bfc062723c751e8b465ee728b)  -> (artifact id: 'c8720d429d0a49c7b01c1452dcec7e60') in 0.008130 seconds
  Import took 0.011915 seconds .

========================================================================
Received Import Request.
  Time since last request: 24.551798 seconds.
  path: Assets/Shaders/Cel Shader/Includes/Lighting.hlsl
  artifactKey: Guid(c374bea1f689621408bb4c51bd3f04e7) Importer(815301076,1909f56bfc062723c751e8b465ee728b)
Start importing Assets/Shaders/Cel Shader/Includes/Lighting.hlsl using Guid(c374bea1f689621408bb4c51bd3f04e7) Importer(815301076,1909f56bfc062723c751e8b465ee728b)  -> (artifact id: 'b52f226be6386f7ec80074971280ccd1') in 0.007891 seconds
  Import took 0.012450 seconds .

